[26-Jun-2016 07:57:43 UTC] PHP Fatal error:  Uncaught exception 'PDOException' with message 'SQLSTATE[42S02]: Base table or view not found: 1146 Table 'greenlight.users' doesn't exist' in /home/ubuntu/workspace/Byrons_dashboard/index.php:23
Stack trace:
#0 /home/ubuntu/workspace/Byrons_dashboard/index.php(23): PDOStatement->execute()
#1 {main}
  thrown in /home/ubuntu/workspace/Byrons_dashboard/index.php on line 23
[27-Jun-2016 13:43:13 UTC] PHP Warning:  PDO::__construct(): php_network_getaddresses: getaddrinfo failed: Name or service not known in /home/ubuntu/workspace/Byrons_dashboard/config.php on line 11
[27-Jun-2016 13:43:13 UTC] PHP Stack trace:
[27-Jun-2016 13:43:13 UTC] PHP   1. {main}() /home/ubuntu/workspace/Byrons_dashboard/index.php:0
[27-Jun-2016 13:43:13 UTC] PHP   2. include() /home/ubuntu/workspace/Byrons_dashboard/index.php:3
[27-Jun-2016 13:43:13 UTC] PHP   3. PDO->__construct() /home/ubuntu/workspace/Byrons_dashboard/config.php:11
[09-Jul-2016 00:43:01 UTC] PHP Warning:  include(modules/nav.php): failed to open stream: No such file or directory in /home/ubuntu/workspace/error/404.php on line 40
[09-Jul-2016 00:43:01 UTC] PHP Stack trace:
[09-Jul-2016 00:43:01 UTC] PHP   1. {main}() /home/ubuntu/workspace/error/404.php:0
[09-Jul-2016 00:43:01 UTC] PHP Warning:  include(): Failed opening 'modules/nav.php' for inclusion (include_path='.:/usr/share/php:/usr/share/pear') in /home/ubuntu/workspace/error/404.php on line 40
[09-Jul-2016 00:43:01 UTC] PHP Stack trace:
[09-Jul-2016 00:43:01 UTC] PHP   1. {main}() /home/ubuntu/workspace/error/404.php:0
[09-Jul-2016 00:43:01 UTC] PHP Warning:  include(modules/footer.php): failed to open stream: No such file or directory in /home/ubuntu/workspace/error/404.php on line 69
[09-Jul-2016 00:43:01 UTC] PHP Stack trace:
[09-Jul-2016 00:43:01 UTC] PHP   1. {main}() /home/ubuntu/workspace/error/404.php:0
[09-Jul-2016 00:43:01 UTC] PHP Warning:  include(): Failed opening 'modules/footer.php' for inclusion (include_path='.:/usr/share/php:/usr/share/pear') in /home/ubuntu/workspace/error/404.php on line 69
[09-Jul-2016 00:43:01 UTC] PHP Stack trace:
[09-Jul-2016 00:43:01 UTC] PHP   1. {main}() /home/ubuntu/workspace/error/404.php:0
[09-Jul-2016 00:43:02 UTC] PHP Warning:  include(modules/nav.php): failed to open stream: No such file or directory in /home/ubuntu/workspace/error/404.php on line 40
[09-Jul-2016 00:43:02 UTC] PHP Stack trace:
[09-Jul-2016 00:43:02 UTC] PHP   1. {main}() /home/ubuntu/workspace/error/404.php:0
[09-Jul-2016 00:43:02 UTC] PHP Warning:  include(): Failed opening 'modules/nav.php' for inclusion (include_path='.:/usr/share/php:/usr/share/pear') in /home/ubuntu/workspace/error/404.php on line 40
[09-Jul-2016 00:43:02 UTC] PHP Stack trace:
[09-Jul-2016 00:43:02 UTC] PHP   1. {main}() /home/ubuntu/workspace/error/404.php:0
[09-Jul-2016 00:43:02 UTC] PHP Warning:  include(modules/footer.php): failed to open stream: No such file or directory in /home/ubuntu/workspace/error/404.php on line 69
[09-Jul-2016 00:43:02 UTC] PHP Stack trace:
[09-Jul-2016 00:43:02 UTC] PHP   1. {main}() /home/ubuntu/workspace/error/404.php:0
[09-Jul-2016 00:43:02 UTC] PHP Warning:  include(): Failed opening 'modules/footer.php' for inclusion (include_path='.:/usr/share/php:/usr/share/pear') in /home/ubuntu/workspace/error/404.php on line 69
[09-Jul-2016 00:43:02 UTC] PHP Stack trace:
[09-Jul-2016 00:43:02 UTC] PHP   1. {main}() /home/ubuntu/workspace/error/404.php:0
